[2024-08-14 14:00:14.527] I                                            int main(int, const char**)            
[2024-08-14 14:00:14.537] I                                            int main(int, const char**)            Some text
[2024-08-14 14:00:14.543] I                                            int main(int, const char**)            Some text
[2024-08-14 14:17:27.367] I                                            int main(int, const char**)            starting 1 2

[2024-08-14 14:17:27.376] I                                            int main(int, const char**)            Some text
[2024-08-14 14:17:27.384] I                                            int main(int, const char**)            Some text
[2024-08-14 15:09:56.240] I                           static void FFExecute::runFFmpeg(cstr, cstr)            starting new ffmpeg...
[2024-08-14 15:09:56.315] I                           static void FFExecute::runFFmpeg(cstr, cstr)            starting new ffmpeg...
[2024-08-14 15:09:56.369] I                           static void FFExecute::runFFmpeg(cstr, cstr)            starting new ffmpeg...
[2024-08-14 15:11:26.691] W                                            int main(int, const char**)            asd
[2024-08-14 15:11:26.698] I                           static void FFExecute::runFFmpeg(cstr, cstr)            starting new ffmpeg...
[2024-08-14 15:11:26.768] I                           static void FFExecute::runFFmpeg(cstr, cstr)            starting new ffmpeg...
[2024-08-14 15:11:26.824] I                           static void FFExecute::runFFmpeg(cstr, cstr)            starting new ffmpeg...
[2024-08-14 15:30:46.933] W                                            int main(int, const char**)            asd
[2024-08-14 15:30:46.941] I                           static void FFExecute::runFFmpeg(cstr, cstr)            starting new ffmpeg...
[2024-08-14 15:30:47.005] I                           static void FFExecute::runFFmpeg(cstr, cstr)            starting new ffmpeg...
[2024-08-14 15:30:47.069] I                           static void FFExecute::runFFmpeg(cstr, cstr)            starting new ffmpeg...
[2024-08-14 15:30:52.241] W                                            int main(int, const char**)            asd
[2024-08-14 15:30:52.250] I                           static void FFExecute::runFFmpeg(cstr, cstr)            starting new ffmpeg...
[2024-08-14 15:30:52.312] I                           static void FFExecute::runFFmpeg(cstr, cstr)            starting new ffmpeg...
[2024-08-14 15:30:52.372] I                           static void FFExecute::runFFmpeg(cstr, cstr)            starting new ffmpeg...
[2024-08-14 15:34:09.797] W                                            int main(int, const char**)            selected directory: D:\vscode\c++\just_small_projects\ffmpeg_all_in_given_directory

[2024-08-14 15:34:09.810] I                           static void FFExecute::runFFmpeg(cstr, cstr)            starting new ffmpeg...
[2024-08-14 15:34:09.879] I                           static void FFExecute::runFFmpeg(cstr, cstr)            starting new ffmpeg...
[2024-08-14 15:34:09.934] I                           static void FFExecute::runFFmpeg(cstr, cstr)            starting new ffmpeg...
[2024-08-14 15:49:43.497] W                                            int main(int, const char**)            asd
[2024-08-14 15:49:43.504] I                           static void FFExecute::runFFmpeg(cstr, cstr)            executing command: ffmpeg -i "D:\vscode\c++\just_small_projects\ffmpeg_all_in_given_directory\1.mkv" -c:v libx265 -vtag hvc1 "D:\vscode\c++\just_small_projects\ffmpeg_all_in_given_directory\ffmpeg-h.265\1.mkv"2>&1
[2024-08-14 15:49:43.525] I                           static void FFExecute::runFFmpeg(cstr, cstr)            starting new ffmpeg...
[2024-08-14 15:49:43.596] I                           static void FFExecute::runFFmpeg(cstr, cstr)            executing command: ffmpeg -i "D:\vscode\c++\just_small_projects\ffmpeg_all_in_given_directory\2.mkv" -c:v libx265 -vtag hvc1 "D:\vscode\c++\just_small_projects\ffmpeg_all_in_given_directory\ffmpeg-h.265\2.mkv"2>&1
[2024-08-14 15:49:43.614] I                           static void FFExecute::runFFmpeg(cstr, cstr)            starting new ffmpeg...
[2024-08-14 15:49:43.670] I                           static void FFExecute::runFFmpeg(cstr, cstr)            executing command: ffmpeg -i "D:\vscode\c++\just_small_projects\ffmpeg_all_in_given_directory\3.mkv" -c:v libx265 -vtag hvc1 "D:\vscode\c++\just_small_projects\ffmpeg_all_in_given_directory\ffmpeg-h.265\3.mkv"2>&1
[2024-08-14 15:49:43.689] I                           static void FFExecute::runFFmpeg(cstr, cstr)            starting new ffmpeg...
[2024-08-14 16:09:09.904] W                                            int main(int, const char**)            asd
[2024-08-14 16:09:09.914] I                           static void FFExecute::runFFmpeg(cstr, cstr)            executing command: ffmpeg -i "D:\vscode\c++\just_small_projects\ffmpeg_all_in_given_directory\1.mkv" -c:v libx265 -vtag hvc1 "D:\vscode\c++\just_small_projects\ffmpeg_all_in_given_directory\ffmpeg-h.265\1.mkv" 2>&1
[2024-08-14 16:09:09.933] I                           static void FFExecute::runFFmpeg(cstr, cstr)            starting new ffmpeg...
[2024-08-14 16:09:10.132] I                           static void FFExecute::runFFmpeg(cstr, cstr)            executing command: ffmpeg -i "D:\vscode\c++\just_small_projects\ffmpeg_all_in_given_directory\2.mkv" -c:v libx265 -vtag hvc1 "D:\vscode\c++\just_small_projects\ffmpeg_all_in_given_directory\ffmpeg-h.265\2.mkv" 2>&1
[2024-08-14 16:09:10.151] I                           static void FFExecute::runFFmpeg(cstr, cstr)            starting new ffmpeg...
[2024-08-14 16:09:10.365] I                           static void FFExecute::runFFmpeg(cstr, cstr)            executing command: ffmpeg -i "D:\vscode\c++\just_small_projects\ffmpeg_all_in_given_directory\3.mkv" -c:v libx265 -vtag hvc1 "D:\vscode\c++\just_small_projects\ffmpeg_all_in_given_directory\ffmpeg-h.265\3.mkv" 2>&1
[2024-08-14 16:09:10.385] I                           static void FFExecute::runFFmpeg(cstr, cstr)            starting new ffmpeg...
[2024-08-14 16:09:27.517] W                                            int main(int, const char**)            asd
[2024-08-14 16:09:27.526] W                                            int main(int, const char**)            Expected none or one argument, which is path to directory!
[2024-08-14 16:39:18.663] W                                            int main(int, const char**)            asd
[2024-08-14 16:39:18.672] I                           static void FFExecute::runFFmpeg(cstr, cstr)            executing command: ffmpeg -i "D:\vscode\c++\just_small_projects\ffmpeg_all_in_given_directory\test\1.mkv" -c:v libx265 -vtag hvc1 "D:\vscode\c++\just_small_projects\ffmpeg_all_in_given_directory\test\ffmpeg-h.265\1.mkv" 2>&1
[2024-08-14 16:39:18.691] I                           static void FFExecute::runFFmpeg(cstr, cstr)            starting new ffmpeg...
[2024-08-14 16:39:24.581] I                           static void FFExecute::runFFmpeg(cstr, cstr)            executing command: ffmpeg -i "D:\vscode\c++\just_small_projects\ffmpeg_all_in_given_directory\test\2.mkv" -c:v libx265 -vtag hvc1 "D:\vscode\c++\just_small_projects\ffmpeg_all_in_given_directory\test\ffmpeg-h.265\2.mkv" 2>&1
[2024-08-14 16:39:24.599] I                           static void FFExecute::runFFmpeg(cstr, cstr)            starting new ffmpeg...
[2024-08-14 16:39:58.903] W                                            int main(int, const char**)            asd
[2024-08-14 16:39:58.911] I                           static void FFExecute::runFFmpeg(cstr, cstr)            executing command: ffmpeg -i "D:\vscode\c++\just_small_projects\ffmpeg_all_in_given_directory\test\1.mkv" -c:v libx265 -vtag hvc1 "D:\vscode\c++\just_small_projects\ffmpeg_all_in_given_directory\test\ffmpeg-h.265\1.mkv" 2>&1
[2024-08-14 16:39:58.928] I                           static void FFExecute::runFFmpeg(cstr, cstr)            starting new ffmpeg...
[2024-08-14 16:40:07.760] W                                            int main(int, const char**)            asd
[2024-08-14 16:40:07.767] I                           static void FFExecute::runFFmpeg(cstr, cstr)            executing command: ffmpeg -i "D:\vscode\c++\just_small_projects\ffmpeg_all_in_given_directory\test\1.mkv" -c:v libx265 -vtag hvc1 "D:\vscode\c++\just_small_projects\ffmpeg_all_in_given_directory\test\ffmpeg-h.265\1.mkv" 2>&1
[2024-08-14 16:40:07.787] I                           static void FFExecute::runFFmpeg(cstr, cstr)            starting new ffmpeg...
[2024-08-14 16:40:13.433] I                           static void FFExecute::runFFmpeg(cstr, cstr)            executing command: ffmpeg -i "D:\vscode\c++\just_small_projects\ffmpeg_all_in_given_directory\test\2.mkv" -c:v libx265 -vtag hvc1 "D:\vscode\c++\just_small_projects\ffmpeg_all_in_given_directory\test\ffmpeg-h.265\2.mkv" 2>&1
[2024-08-14 16:40:13.451] I                           static void FFExecute::runFFmpeg(cstr, cstr)            starting new ffmpeg...
[2024-08-14 16:40:18.988] I                           static void FFExecute::runFFmpeg(cstr, cstr)            executing command: ffmpeg -i "D:\vscode\c++\just_small_projects\ffmpeg_all_in_given_directory\test\3.mkv" -c:v libx265 -vtag hvc1 "D:\vscode\c++\just_small_projects\ffmpeg_all_in_given_directory\test\ffmpeg-h.265\3.mkv" 2>&1
[2024-08-14 16:40:19.009] I                           static void FFExecute::runFFmpeg(cstr, cstr)            starting new ffmpeg...
